2018-10-01 21:27:36.455  INFO 10452 --- [main] c.z.sagittarius.SagittariusApplication   : Starting SagittariusApplication on HP-HP with PID 10452 (F:\vue\myapp\server\sagittarius\target\classes started by HP in F:\vue\myapp\server\sagittarius)
2018-10-01 21:27:36.455  INFO 10452 --- [main] c.z.sagittarius.SagittariusApplication   : No active profile set, falling back to default profiles: default
2018-10-01 21:27:37.738  WARN 10452 --- [main] o.m.s.mapper.ClassPathMapperScanner      : No MyBatis mapper was found in '[com.zyj.sagittarius]' package. Please check your configuration.
2018-10-01 21:27:37.847  INFO 10452 --- [main] .s.d.r.c.RepositoryConfigurationDelegate : Multiple Spring Data modules found, entering strict repository configuration mode!
2018-10-01 21:27:37.863  INFO 10452 --- [main] .s.d.r.c.RepositoryConfigurationDelegate : Bootstrapping Spring Data repositories in DEFAULT mode.
2018-10-01 21:27:37.908  INFO 10452 --- [main] .s.d.r.c.RepositoryConfigurationDelegate : Finished Spring Data repository scanning in 16ms. Found 0 repository interfaces.
2018-10-01 21:27:38.799  INFO 10452 --- [main] trationDelegate$BeanPostProcessorChecker : Bean 'org.springframework.transaction.annotation.ProxyTransactionManagementConfiguration' of type [org.springframework.transaction.annotation.ProxyTransactionManagementConfiguration$$EnhancerBySpringCGLIB$$5a6feae4] is not eligible for getting processed by all BeanPostProcessors (for example: not eligible for auto-proxying)
2018-10-01 21:27:39.549  INFO 10452 --- [main] o.s.b.w.embedded.tomcat.TomcatWebServer  : Tomcat initialized with port(s): 8080 (http)
2018-10-01 21:27:39.564  INFO 10452 --- [main] o.apache.catalina.core.StandardService   : Starting service [Tomcat]
2018-10-01 21:27:39.564  INFO 10452 --- [main] org.apache.catalina.core.StandardEngine  : Starting Servlet Engine: Apache Tomcat/9.0.12
2018-10-01 21:27:39.564  INFO 10452 --- [main] o.a.catalina.core.AprLifecycleListener   : The APR based Apache Tomcat Native library which allows optimal performance in production environments was not found on the java.library.path: [C:\Program Files\Java\jdk1.8.0_131\bin;C:\WINDOWS\Sun\Java\bin;C:\WINDOWS\system32;C:\WINDOWS;C:\ProgramData\Oracle\Java\javapath;F:\app\HP\product\11.2.0\dbhome_1\bin;D:\SepanderSoft;C:\Program Files (x86)\NVIDIA Corporation\PhysX\Common;C:\PROGRAM FILES (X86)\INTEL\ICLS CLIENT\;C:\PROGRAM FILES\INTEL\ICLS CLIENT\;C:\PROGRAM FILES\BROADCOM\BROADCOM 802.11\DRIVER;C:\PROGRAM FILES\COMMON FILES\MICROSOFT SHARED\WINDOWS LIVE;C:\PROGRAM FILES (X86)\COMMON FILES\MICROSOFT SHARED\WINDOWS LIVE;C:\WINDOWS\SYSTEM32;C:\WINDOWS;C:\WINDOWS\SYSTEM32\WBEM;C:\WINDOWS\SYSTEM32\WINDOWSPOWERSHELL\V1.0\;C:\PROGRAM FILES (X86)\WINDOWS LIVE\SHARED;C:\PROGRAM FILES\INTEL\INTEL(R) MANAGEMENT ENGINE COMPONENTS\DAL;C:\PROGRAM FILES\INTEL\INTEL(R) MANAGEMENT ENGINE COMPONENTS\IPT;C:\PROGRAM FILES (X86)\INTEL\INTEL(R) MANAGEMENT ENGINE COMPONENTS\DAL;C:\PROGRAM FILES (X86)\INTEL\INTEL(R) MANAGEMENT ENGINE COMPONENTS\IPT;C:\PROGRAM FILES (X86)\INTEL\OPENCL SDK\2.0\BIN\X86;C:\PROGRAM FILES (X86)\INTEL\OPENCL SDK\2.0\BIN\X64;C:\Program Files\WIDCOMM\Bluetooth Software\;C:\Program Files\WIDCOMM\Bluetooth Software\syswow64;D:\Java\mysql\MySQL\MySQL Server 5.1\bin;C:\Program Files (x86)\Intel\OpenCL SDK\2.0\bin\x86;C:\Program Files (x86)\Intel\OpenCL SDK\2.0\bin\x64;C:\Program Files (x86)\Common Files\lenovo\easyplussdk\bin;C:\WINDOWS\system32;C:\WINDOWS;C:\WINDOWS\System32\Wbem;C:\WINDOWS\System32\WindowsPowerShell\v1.0\;E:\TortoiseSVN\bin;C:\Android;C:\Windows\System32;C:\WINDOWS\System32\OpenSSH\;D:\Java\node-v8.11.1-win-x64;;D:\Bitvise Tunnelier;D:\Java\Dart\dart-sdk\bin;.;C:\Program Files\Java\jdk1.8.0_131\bin;;C:\Users\HP\AppData\Local\Microsoft\WindowsApps;D:\Java\android-sdk-windows\platform-tools;D:\Java\android-sdk-windows\tools;D:\Java\android\gradle-4.0-rc-1\bin;D:\Java\flutter\bin;.]
2018-10-01 21:27:39.752  INFO 10452 --- [main] o.a.c.c.C.[Tomcat].[localhost].[/]       : Initializing Spring embedded WebApplicationContext
2018-10-01 21:27:39.752  INFO 10452 --- [main] o.s.web.context.ContextLoader            : Root WebApplicationContext: initialization completed in 3235 ms
2018-10-01 21:27:39.830  INFO 10452 --- [main] o.s.b.w.servlet.FilterRegistrationBean   : Mapping filter: 'characterEncodingFilter' to: [/*]
2018-10-01 21:27:39.846  INFO 10452 --- [main] o.s.b.w.servlet.FilterRegistrationBean   : Mapping filter: 'hiddenHttpMethodFilter' to: [/*]
2018-10-01 21:27:39.846  INFO 10452 --- [main] o.s.b.w.servlet.FilterRegistrationBean   : Mapping filter: 'formContentFilter' to: [/*]
2018-10-01 21:27:39.846  INFO 10452 --- [main] o.s.b.w.servlet.FilterRegistrationBean   : Mapping filter: 'requestContextFilter' to: [/*]
2018-10-01 21:27:39.846  INFO 10452 --- [main] .s.DelegatingFilterProxyRegistrationBean : Mapping filter: 'springSecurityFilterChain' to: [/*]
2018-10-01 21:27:39.846  INFO 10452 --- [main] o.s.b.w.servlet.ServletRegistrationBean  : Servlet dispatcherServlet mapped to [/]
2018-10-01 21:27:39.910  INFO 10452 --- [main] o.s.s.concurrent.ThreadPoolTaskExecutor  : Initializing ExecutorService 'applicationTaskExecutor'
2018-10-01 21:27:40.364  WARN 10452 --- [main] ion$DefaultTemplateResolverConfiguration : Cannot find template location: classpath:/templates/ (please add some templates or check your Thymeleaf configuration)
2018-10-01 21:27:42.603  INFO 10452 --- [main] .s.s.UserDetailsServiceAutoConfiguration : 

Using generated security password: 3dc20e32-af33-419d-b54b-fe40cfec5387

2018-10-01 21:27:42.958  INFO 10452 --- [main] o.s.s.web.DefaultSecurityFilterChain     : Creating filter chain: any request, [org.springframework.security.web.context.request.async.WebAsyncManagerIntegrationFilter@7fb48179, org.springframework.security.web.context.SecurityContextPersistenceFilter@e26af6, org.springframework.security.web.header.HeaderWriterFilter@9679750, org.springframework.security.web.csrf.CsrfFilter@2c88a3e8, org.springframework.security.web.authentication.logout.LogoutFilter@20f6f88c, org.springframework.security.web.authentication.UsernamePasswordAuthenticationFilter@670b3ca, org.springframework.security.web.authentication.ui.DefaultLoginPageGeneratingFilter@20d87335, org.springframework.security.web.authentication.ui.DefaultLogoutPageGeneratingFilter@201c3cda, org.springframework.security.web.authentication.www.BasicAuthenticationFilter@3f1a4795, org.springframework.security.web.savedrequest.RequestCacheAwareFilter@3791f50e, org.springframework.security.web.servletapi.SecurityContextHolderAwareRequestFilter@57cb70be, org.springframework.security.web.authentication.AnonymousAuthenticationFilter@4c86da0c, org.springframework.security.web.session.SessionManagementFilter@75a0c890, org.springframework.security.web.access.ExceptionTranslationFilter@17dd671f, org.springframework.security.web.access.intercept.FilterSecurityInterceptor@3b48e183]
2018-10-01 21:27:43.255  INFO 10452 --- [main] o.s.b.w.embedded.tomcat.TomcatWebServer  : Tomcat started on port(s): 8080 (http) with context path ''
2018-10-01 21:27:43.255  INFO 10452 --- [main] c.z.sagittarius.SagittariusApplication   : Started SagittariusApplication in 7.965 seconds (JVM running for 10.848)
2018-10-01 21:30:53.642  INFO 4400 --- [main] c.z.sagittarius.SagittariusApplication   : Starting SagittariusApplication on HP-HP with PID 4400 (F:\vue\myapp\server\sagittarius\target\classes started by HP in F:\vue\myapp\server\sagittarius)
2018-10-01 21:30:53.654  INFO 4400 --- [main] c.z.sagittarius.SagittariusApplication   : No active profile set, falling back to default profiles: default
2018-10-01 21:30:55.628  WARN 4400 --- [main] o.m.s.mapper.ClassPathMapperScanner      : No MyBatis mapper was found in '[com.zyj.sagittarius]' package. Please check your configuration.
2018-10-01 21:30:55.737  INFO 4400 --- [main] .s.d.r.c.RepositoryConfigurationDelegate : Multiple Spring Data modules found, entering strict repository configuration mode!
2018-10-01 21:30:55.737  INFO 4400 --- [main] .s.d.r.c.RepositoryConfigurationDelegate : Bootstrapping Spring Data repositories in DEFAULT mode.
2018-10-01 21:30:55.784  INFO 4400 --- [main] .s.d.r.c.RepositoryConfigurationDelegate : Finished Spring Data repository scanning in 15ms. Found 0 repository interfaces.
2018-10-01 21:30:57.132  INFO 4400 --- [main] trationDelegate$BeanPostProcessorChecker : Bean 'org.springframework.transaction.annotation.ProxyTransactionManagementConfiguration' of type [org.springframework.transaction.annotation.ProxyTransactionManagementConfiguration$$EnhancerBySpringCGLIB$$964b03eb] is not eligible for getting processed by all BeanPostProcessors (for example: not eligible for auto-proxying)
2018-10-01 21:30:57.735  INFO 4400 --- [main] o.s.b.w.embedded.tomcat.TomcatWebServer  : Tomcat initialized with port(s): 8080 (http)
2018-10-01 21:30:57.782  INFO 4400 --- [main] o.apache.catalina.core.StandardService   : Starting service [Tomcat]
2018-10-01 21:30:57.798  INFO 4400 --- [main] org.apache.catalina.core.StandardEngine  : Starting Servlet Engine: Apache Tomcat/9.0.12
2018-10-01 21:30:57.798  INFO 4400 --- [main] o.a.catalina.core.AprLifecycleListener   : The APR based Apache Tomcat Native library which allows optimal performance in production environments was not found on the java.library.path: [C:\Program Files\Java\jdk1.8.0_131\bin;C:\WINDOWS\Sun\Java\bin;C:\WINDOWS\system32;C:\WINDOWS;C:\ProgramData\Oracle\Java\javapath;F:\app\HP\product\11.2.0\dbhome_1\bin;D:\SepanderSoft;C:\Program Files (x86)\NVIDIA Corporation\PhysX\Common;C:\PROGRAM FILES (X86)\INTEL\ICLS CLIENT\;C:\PROGRAM FILES\INTEL\ICLS CLIENT\;C:\PROGRAM FILES\BROADCOM\BROADCOM 802.11\DRIVER;C:\PROGRAM FILES\COMMON FILES\MICROSOFT SHARED\WINDOWS LIVE;C:\PROGRAM FILES (X86)\COMMON FILES\MICROSOFT SHARED\WINDOWS LIVE;C:\WINDOWS\SYSTEM32;C:\WINDOWS;C:\WINDOWS\SYSTEM32\WBEM;C:\WINDOWS\SYSTEM32\WINDOWSPOWERSHELL\V1.0\;C:\PROGRAM FILES (X86)\WINDOWS LIVE\SHARED;C:\PROGRAM FILES\INTEL\INTEL(R) MANAGEMENT ENGINE COMPONENTS\DAL;C:\PROGRAM FILES\INTEL\INTEL(R) MANAGEMENT ENGINE COMPONENTS\IPT;C:\PROGRAM FILES (X86)\INTEL\INTEL(R) MANAGEMENT ENGINE COMPONENTS\DAL;C:\PROGRAM FILES (X86)\INTEL\INTEL(R) MANAGEMENT ENGINE COMPONENTS\IPT;C:\PROGRAM FILES (X86)\INTEL\OPENCL SDK\2.0\BIN\X86;C:\PROGRAM FILES (X86)\INTEL\OPENCL SDK\2.0\BIN\X64;C:\Program Files\WIDCOMM\Bluetooth Software\;C:\Program Files\WIDCOMM\Bluetooth Software\syswow64;D:\Java\mysql\MySQL\MySQL Server 5.1\bin;C:\Program Files (x86)\Intel\OpenCL SDK\2.0\bin\x86;C:\Program Files (x86)\Intel\OpenCL SDK\2.0\bin\x64;C:\Program Files (x86)\Common Files\lenovo\easyplussdk\bin;C:\WINDOWS\system32;C:\WINDOWS;C:\WINDOWS\System32\Wbem;C:\WINDOWS\System32\WindowsPowerShell\v1.0\;E:\TortoiseSVN\bin;C:\Android;C:\Windows\System32;C:\WINDOWS\System32\OpenSSH\;D:\Java\node-v8.11.1-win-x64;;D:\Bitvise Tunnelier;D:\Java\Dart\dart-sdk\bin;.;C:\Program Files\Java\jdk1.8.0_131\bin;;C:\Users\HP\AppData\Local\Microsoft\WindowsApps;D:\Java\android-sdk-windows\platform-tools;D:\Java\android-sdk-windows\tools;D:\Java\android\gradle-4.0-rc-1\bin;D:\Java\flutter\bin;.]
2018-10-01 21:30:58.004  INFO 4400 --- [main] o.a.c.c.C.[Tomcat].[localhost].[/]       : Initializing Spring embedded WebApplicationContext
2018-10-01 21:30:58.004  INFO 4400 --- [main] o.s.web.context.ContextLoader            : Root WebApplicationContext: initialization completed in 4232 ms
2018-10-01 21:30:58.082  INFO 4400 --- [main] o.s.b.w.servlet.ServletRegistrationBean  : Servlet dispatcherServlet mapped to [/]
2018-10-01 21:30:58.082  INFO 4400 --- [main] o.s.b.w.servlet.FilterRegistrationBean   : Mapping filter: 'characterEncodingFilter' to: [/*]
2018-10-01 21:30:58.082  INFO 4400 --- [main] o.s.b.w.servlet.FilterRegistrationBean   : Mapping filter: 'hiddenHttpMethodFilter' to: [/*]
2018-10-01 21:30:58.082  INFO 4400 --- [main] o.s.b.w.servlet.FilterRegistrationBean   : Mapping filter: 'formContentFilter' to: [/*]
2018-10-01 21:30:58.082  INFO 4400 --- [main] o.s.b.w.servlet.FilterRegistrationBean   : Mapping filter: 'requestContextFilter' to: [/*]
2018-10-01 21:30:58.176  INFO 4400 --- [main] o.s.s.concurrent.ThreadPoolTaskExecutor  : Initializing ExecutorService 'applicationTaskExecutor'
2018-10-01 21:30:58.691  WARN 4400 --- [main] ion$DefaultTemplateResolverConfiguration : Cannot find template location: classpath:/templates/ (please add some templates or check your Thymeleaf configuration)
2018-10-01 21:30:59.826  INFO 4400 --- [main] o.s.b.w.embedded.tomcat.TomcatWebServer  : Tomcat started on port(s): 8080 (http) with context path ''
2018-10-01 21:30:59.826  INFO 4400 --- [main] c.z.sagittarius.SagittariusApplication   : Started SagittariusApplication in 7.766 seconds (JVM running for 12.156)
